<?xml version="1.0" encoding="UTF-8"?>
<testsuite name="hexlet.code.controllers.LabelsControllerTest" tests="6" skipped="0" failures="0" errors="0" timestamp="2024-08-28T08:19:58" hostname="rashid-Z690-AORUS-ELITE-AX" time="0.739">
  <properties/>
  <testcase name="unauthorizedTest()" classname="hexlet.code.controllers.LabelsControllerTest" time="0.552"/>
  <testcase name="indexTest()" classname="hexlet.code.controllers.LabelsControllerTest" time="0.074"/>
  <testcase name="showTest()" classname="hexlet.code.controllers.LabelsControllerTest" time="0.04"/>
  <testcase name="updateTest()" classname="hexlet.code.controllers.LabelsControllerTest" time="0.032"/>
  <testcase name="createTest()" classname="hexlet.code.controllers.LabelsControllerTest" time="0.016"/>
  <testcase name="deleteTest()" classname="hexlet.code.controllers.LabelsControllerTest" time="0.022"/>
  <system-out><![CDATA[Hibernate: insert into statuses (created_at,name,slug,id) values (?,?,?,default)
Hibernate: insert into users (created_at,email,first_name,last_name,password_digest,updated_at,id) values (?,?,?,?,?,?,default)
Hibernate: insert into tasks (assignee_id,created_at,description,index,name,task_status_id,id) values (?,?,?,?,?,?,default)
Hibernate: insert into labels (created_at,name,id) values (?,?,default)
Hibernate: insert into statuses (created_at,name,slug,id) values (?,?,?,default)
Hibernate: insert into users (created_at,email,first_name,last_name,password_digest,updated_at,id) values (?,?,?,?,?,?,default)
Hibernate: insert into tasks (assignee_id,created_at,description,index,name,task_status_id,id) values (?,?,?,?,?,?,default)
Hibernate: insert into labels (created_at,name,id) values (?,?,default)
Hibernate: select l1_0.id,l1_0.created_at,l1_0.name from labels l1_0
Hibernate: insert into statuses (created_at,name,slug,id) values (?,?,?,default)
Hibernate: insert into users (created_at,email,first_name,last_name,password_digest,updated_at,id) values (?,?,?,?,?,?,default)
Hibernate: insert into tasks (assignee_id,created_at,description,index,name,task_status_id,id) values (?,?,?,?,?,?,default)
Hibernate: insert into labels (created_at,name,id) values (?,?,default)
Hibernate: insert into statuses (created_at,name,slug,id) values (?,?,?,default)
Hibernate: insert into users (created_at,email,first_name,last_name,password_digest,updated_at,id) values (?,?,?,?,?,?,default)
Hibernate: insert into tasks (assignee_id,created_at,description,index,name,task_status_id,id) values (?,?,?,?,?,?,default)
Hibernate: insert into labels (created_at,name,id) values (?,?,default)
Hibernate: update labels set created_at=?,name=? where id=?
Hibernate: select l1_0.id,l1_0.created_at,l1_0.name from labels l1_0 where l1_0.name=?
Hibernate: insert into statuses (created_at,name,slug,id) values (?,?,?,default)
Hibernate: insert into users (created_at,email,first_name,last_name,password_digest,updated_at,id) values (?,?,?,?,?,?,default)
Hibernate: insert into tasks (assignee_id,created_at,description,index,name,task_status_id,id) values (?,?,?,?,?,?,default)
Hibernate: insert into labels (created_at,name,id) values (?,?,default)
Hibernate: insert into labels (created_at,name,id) values (?,?,default)
Hibernate: select l1_0.id,l1_0.created_at,l1_0.name from labels l1_0 where l1_0.name=?
Hibernate: insert into statuses (created_at,name,slug,id) values (?,?,?,default)
Hibernate: insert into users (created_at,email,first_name,last_name,password_digest,updated_at,id) values (?,?,?,?,?,?,default)
Hibernate: insert into tasks (assignee_id,created_at,description,index,name,task_status_id,id) values (?,?,?,?,?,?,default)
Hibernate: insert into labels (created_at,name,id) values (?,?,default)
Hibernate: delete from labels where id=?
Hibernate: select l1_0.id,l1_0.created_at,l1_0.name from labels l1_0 where l1_0.name=?
]]></system-out>
  <system-err><![CDATA[]]></system-err>
</testsuite>
