<?xml version="1.0" encoding="UTF-8"?>
<testsuite name="hexlet.code.controllers.TasksControllerTest" tests="6" skipped="0" failures="0" errors="0" timestamp="2024-08-28T08:19:58" hostname="rashid-Z690-AORUS-ELITE-AX" time="0.133">
  <properties/>
  <testcase name="unauthorizedTest()" classname="hexlet.code.controllers.TasksControllerTest" time="0.013"/>
  <testcase name="indexTest()" classname="hexlet.code.controllers.TasksControllerTest" time="0.029"/>
  <testcase name="showTest()" classname="hexlet.code.controllers.TasksControllerTest" time="0.015"/>
  <testcase name="updateTest()" classname="hexlet.code.controllers.TasksControllerTest" time="0.026"/>
  <testcase name="createTest()" classname="hexlet.code.controllers.TasksControllerTest" time="0.028"/>
  <testcase name="deleteTest()" classname="hexlet.code.controllers.TasksControllerTest" time="0.018"/>
  <system-out><![CDATA[Hibernate: insert into statuses (created_at,name,slug,id) values (?,?,?,default)
Hibernate: insert into users (created_at,email,first_name,last_name,password_digest,updated_at,id) values (?,?,?,?,?,?,default)
Hibernate: insert into tasks (assignee_id,created_at,description,index,name,task_status_id,id) values (?,?,?,?,?,?,default)
Hibernate: insert into statuses (created_at,name,slug,id) values (?,?,?,default)
Hibernate: insert into users (created_at,email,first_name,last_name,password_digest,updated_at,id) values (?,?,?,?,?,?,default)
Hibernate: insert into tasks (assignee_id,created_at,description,index,name,task_status_id,id) values (?,?,?,?,?,?,default)
Hibernate: select t1_0.id,t1_0.assignee_id,t1_0.created_at,t1_0.description,t1_0.index,t1_0.name,t1_0.task_status_id from tasks t1_0 where 1=1 and 1=1 and 1=1 and 1=1 offset ? rows fetch first ? rows only
Hibernate: select t1_0.id,t1_0.assignee_id,t1_0.created_at,t1_0.description,t1_0.index,t1_0.name,t1_0.task_status_id from tasks t1_0
Hibernate: insert into statuses (created_at,name,slug,id) values (?,?,?,default)
Hibernate: insert into users (created_at,email,first_name,last_name,password_digest,updated_at,id) values (?,?,?,?,?,?,default)
Hibernate: insert into tasks (assignee_id,created_at,description,index,name,task_status_id,id) values (?,?,?,?,?,?,default)
Hibernate: insert into statuses (created_at,name,slug,id) values (?,?,?,default)
Hibernate: insert into users (created_at,email,first_name,last_name,password_digest,updated_at,id) values (?,?,?,?,?,?,default)
Hibernate: insert into tasks (assignee_id,created_at,description,index,name,task_status_id,id) values (?,?,?,?,?,?,default)
Hibernate: select t1_0.id,t1_0.created_at,t1_0.name,t1_0.slug from statuses t1_0 where t1_0.slug=?
Hibernate: select t1_0.task_status_id,t1_1.id,a1_0.id,a1_0.created_at,a1_0.email,a1_0.first_name,a1_0.last_name,a1_0.password_digest,a1_0.updated_at,t1_1.created_at,t1_1.description,t1_1.index,t1_1.name,t1_1.task_status_id,t2_0.id,t2_0.created_at,t2_0.name,t2_0.slug from statuses_tasks t1_0 join tasks t1_1 on t1_1.id=t1_0.tasks_id left join users a1_0 on a1_0.id=t1_1.assignee_id left join statuses t2_0 on t2_0.id=t1_1.task_status_id where t1_0.task_status_id=?
Hibernate: update tasks set assignee_id=?,created_at=?,description=?,index=?,name=?,task_status_id=? where id=?
Hibernate: select t1_0.id,t1_0.assignee_id,t1_0.created_at,t1_0.description,t1_0.index,t1_0.name,t1_0.task_status_id from tasks t1_0 where t1_0.name=?
Hibernate: insert into statuses (created_at,name,slug,id) values (?,?,?,default)
Hibernate: insert into users (created_at,email,first_name,last_name,password_digest,updated_at,id) values (?,?,?,?,?,?,default)
Hibernate: insert into tasks (assignee_id,created_at,description,index,name,task_status_id,id) values (?,?,?,?,?,?,default)
Hibernate: select t1_0.id,t1_0.created_at,t1_0.name,t1_0.slug from statuses t1_0 where t1_0.slug=?
Hibernate: insert into tasks (assignee_id,created_at,description,index,name,task_status_id,id) values (?,?,?,?,?,?,default)
Hibernate: delete from tasks where id=?
Hibernate: select t1_0.id,t1_0.assignee_id,t1_0.created_at,t1_0.description,t1_0.index,t1_0.name,t1_0.task_status_id from tasks t1_0 where t1_0.name=?
Hibernate: insert into statuses (created_at,name,slug,id) values (?,?,?,default)
Hibernate: insert into users (created_at,email,first_name,last_name,password_digest,updated_at,id) values (?,?,?,?,?,?,default)
Hibernate: insert into tasks (assignee_id,created_at,description,index,name,task_status_id,id) values (?,?,?,?,?,?,default)
Hibernate: delete from tasks where id=?
Hibernate: select t1_0.id,t1_0.assignee_id,t1_0.created_at,t1_0.description,t1_0.index,t1_0.name,t1_0.task_status_id from tasks t1_0 where t1_0.name=?
]]></system-out>
  <system-err><![CDATA[]]></system-err>
</testsuite>
