<?xml version="1.0" encoding="UTF-8"?>
<testsuite name="hexlet.code.controllers.TasksFilterControllerTest" tests="6" skipped="0" failures="0" errors="0" timestamp="2024-08-28T08:19:59" hostname="rashid-Z690-AORUS-ELITE-AX" time="0.236">
  <properties/>
  <testcase name="assigneeTest()" classname="hexlet.code.controllers.TasksFilterControllerTest" time="0.037"/>
  <testcase name="labelTest()" classname="hexlet.code.controllers.TasksFilterControllerTest" time="0.046"/>
  <testcase name="withoutFilterTest()" classname="hexlet.code.controllers.TasksFilterControllerTest" time="0.024"/>
  <testcase name="statusTest()" classname="hexlet.code.controllers.TasksFilterControllerTest" time="0.038"/>
  <testcase name="titleContTest()" classname="hexlet.code.controllers.TasksFilterControllerTest" time="0.03"/>
  <testcase name="chainTest()" classname="hexlet.code.controllers.TasksFilterControllerTest" time="0.059"/>
  <system-out><![CDATA[Hibernate: select l1_0.id,l1_0.created_at,l1_0.name from labels l1_0 where l1_0.name=?
Hibernate: select l1_0.id,l1_0.created_at,l1_0.name from labels l1_0 where l1_0.name=?
Hibernate: select t1_0.id,t1_0.created_at,t1_0.name,t1_0.slug from statuses t1_0 where t1_0.slug=?
Hibernate: select t1_0.task_status_id,t1_1.id,a1_0.id,a1_0.created_at,a1_0.email,a1_0.first_name,a1_0.last_name,a1_0.password_digest,a1_0.updated_at,t1_1.created_at,t1_1.description,t1_1.index,t1_1.name,t1_1.task_status_id,t2_0.id,t2_0.created_at,t2_0.name,t2_0.slug from statuses_tasks t1_0 join tasks t1_1 on t1_1.id=t1_0.tasks_id left join users a1_0 on a1_0.id=t1_1.assignee_id left join statuses t2_0 on t2_0.id=t1_1.task_status_id where t1_0.task_status_id=?
Hibernate: select t1_0.id,t1_0.created_at,t1_0.name,t1_0.slug from statuses t1_0 where t1_0.slug=?
Hibernate: select t1_0.task_status_id,t1_1.id,a1_0.id,a1_0.created_at,a1_0.email,a1_0.first_name,a1_0.last_name,a1_0.password_digest,a1_0.updated_at,t1_1.created_at,t1_1.description,t1_1.index,t1_1.name,t1_1.task_status_id,t2_0.id,t2_0.created_at,t2_0.name,t2_0.slug from statuses_tasks t1_0 join tasks t1_1 on t1_1.id=t1_0.tasks_id left join users a1_0 on a1_0.id=t1_1.assignee_id left join statuses t2_0 on t2_0.id=t1_1.task_status_id where t1_0.task_status_id=?
Hibernate: select u1_0.id,u1_0.created_at,u1_0.email,u1_0.first_name,u1_0.last_name,u1_0.password_digest,u1_0.updated_at from users u1_0 where u1_0.email=?
Hibernate: select t1_0.user_id,t1_1.id,a1_0.id,a1_0.created_at,a1_0.email,a1_0.first_name,a1_0.last_name,a1_0.password_digest,a1_0.updated_at,t1_1.created_at,t1_1.description,t1_1.index,t1_1.name,t1_1.task_status_id,t2_0.id,t2_0.created_at,t2_0.name,t2_0.slug from users_tasks t1_0 join tasks t1_1 on t1_1.id=t1_0.tasks_id left join users a1_0 on a1_0.id=t1_1.assignee_id left join statuses t2_0 on t2_0.id=t1_1.task_status_id where t1_0.user_id=?
Hibernate: select u1_0.id,u1_0.created_at,u1_0.email,u1_0.first_name,u1_0.last_name,u1_0.password_digest,u1_0.updated_at from users u1_0 where u1_0.email=?
Hibernate: select t1_0.user_id,t1_1.id,a1_0.id,a1_0.created_at,a1_0.email,a1_0.first_name,a1_0.last_name,a1_0.password_digest,a1_0.updated_at,t1_1.created_at,t1_1.description,t1_1.index,t1_1.name,t1_1.task_status_id,t2_0.id,t2_0.created_at,t2_0.name,t2_0.slug from users_tasks t1_0 join tasks t1_1 on t1_1.id=t1_0.tasks_id left join users a1_0 on a1_0.id=t1_1.assignee_id left join statuses t2_0 on t2_0.id=t1_1.task_status_id where t1_0.user_id=?
Hibernate: select t1_0.label_id,t1_1.id,a1_0.id,a1_0.created_at,a1_0.email,a1_0.first_name,a1_0.last_name,a1_0.password_digest,a1_0.updated_at,t2_0.user_id,t2_1.id,t2_1.created_at,t2_1.description,t2_1.index,t2_1.name,t2_1.task_status_id,t3_0.id,t3_0.created_at,t3_0.name,t3_0.slug,t1_1.created_at,t1_1.description,t1_1.index,t1_1.name,t1_1.task_status_id,t4_0.id,t4_0.created_at,t4_0.name,t4_0.slug from labels_tasks t1_0 join tasks t1_1 on t1_1.id=t1_0.tasks_id left join users a1_0 on a1_0.id=t1_1.assignee_id left join (users_tasks t2_0 join tasks t2_1 on t2_1.id=t2_0.tasks_id) on a1_0.id=t2_0.user_id left join statuses t3_0 on t3_0.id=t2_1.task_status_id left join statuses t4_0 on t4_0.id=t1_1.task_status_id where t1_0.label_id=?
Hibernate: insert into tasks (assignee_id,created_at,description,index,name,task_status_id,id) values (?,?,?,?,?,?,default)
Hibernate: select t1_0.label_id,t1_1.id,a1_0.id,a1_0.created_at,a1_0.email,a1_0.first_name,a1_0.last_name,a1_0.password_digest,a1_0.updated_at,t2_0.user_id,t2_1.id,t2_1.created_at,t2_1.description,t2_1.index,t2_1.name,t2_1.task_status_id,t3_0.id,t3_0.created_at,t3_0.name,t3_0.slug,t1_1.created_at,t1_1.description,t1_1.index,t1_1.name,t1_1.task_status_id,t4_0.id,t4_0.created_at,t4_0.name,t4_0.slug from labels_tasks t1_0 join tasks t1_1 on t1_1.id=t1_0.tasks_id left join users a1_0 on a1_0.id=t1_1.assignee_id left join (users_tasks t2_0 join tasks t2_1 on t2_1.id=t2_0.tasks_id) on a1_0.id=t2_0.user_id left join statuses t3_0 on t3_0.id=t2_1.task_status_id left join statuses t4_0 on t4_0.id=t1_1.task_status_id where t1_0.label_id=?
Hibernate: insert into tasks (assignee_id,created_at,description,index,name,task_status_id,id) values (?,?,?,?,?,?,default)
Hibernate: insert into tasks (assignee_id,created_at,description,index,name,task_status_id,id) values (?,?,?,?,?,?,default)
Hibernate: select t1_0.id,t1_0.assignee_id,t1_0.created_at,t1_0.description,t1_0.index,t1_0.name,t1_0.task_status_id from tasks t1_0 join users a1_0 on a1_0.id=t1_0.assignee_id where 1=1 and 1=1 and t1_0.assignee_id=? and 1=1 offset ? rows fetch first ? rows only
Hibernate: select t1_0.id,t1_0.assignee_id,t1_0.created_at,t1_0.description,t1_0.index,t1_0.name,t1_0.task_status_id from tasks t1_0
Hibernate: select t1_0.id,t1_0.assignee_id,t1_0.created_at,t1_0.description,t1_0.index,t1_0.name,t1_0.task_status_id from tasks t1_0 join users a1_0 on a1_0.id=t1_0.assignee_id where 1=1 and 1=1 and t1_0.assignee_id=? and 1=1 offset ? rows fetch first ? rows only
Hibernate: select t1_0.id,t1_0.assignee_id,t1_0.created_at,t1_0.description,t1_0.index,t1_0.name,t1_0.task_status_id from tasks t1_0
Hibernate: select l1_0.id,l1_0.created_at,l1_0.name from labels l1_0 where l1_0.name=?
Hibernate: select l1_0.id,l1_0.created_at,l1_0.name from labels l1_0 where l1_0.name=?
Hibernate: select t1_0.id,t1_0.created_at,t1_0.name,t1_0.slug from statuses t1_0 where t1_0.slug=?
Hibernate: select t1_0.task_status_id,t1_1.id,a1_0.id,a1_0.created_at,a1_0.email,a1_0.first_name,a1_0.last_name,a1_0.password_digest,a1_0.updated_at,t1_1.created_at,t1_1.description,t1_1.index,t1_1.name,t1_1.task_status_id,t2_0.id,t2_0.created_at,t2_0.name,t2_0.slug from statuses_tasks t1_0 join tasks t1_1 on t1_1.id=t1_0.tasks_id left join users a1_0 on a1_0.id=t1_1.assignee_id left join statuses t2_0 on t2_0.id=t1_1.task_status_id where t1_0.task_status_id=?
Hibernate: select t1_0.id,t1_0.created_at,t1_0.name,t1_0.slug from statuses t1_0 where t1_0.slug=?
Hibernate: select t1_0.task_status_id,t1_1.id,a1_0.id,a1_0.created_at,a1_0.email,a1_0.first_name,a1_0.last_name,a1_0.password_digest,a1_0.updated_at,t1_1.created_at,t1_1.description,t1_1.index,t1_1.name,t1_1.task_status_id,t2_0.id,t2_0.created_at,t2_0.name,t2_0.slug from statuses_tasks t1_0 join tasks t1_1 on t1_1.id=t1_0.tasks_id left join users a1_0 on a1_0.id=t1_1.assignee_id left join statuses t2_0 on t2_0.id=t1_1.task_status_id where t1_0.task_status_id=?
Hibernate: select u1_0.id,u1_0.created_at,u1_0.email,u1_0.first_name,u1_0.last_name,u1_0.password_digest,u1_0.updated_at from users u1_0 where u1_0.email=?
Hibernate: select t1_0.user_id,t1_1.id,a1_0.id,a1_0.created_at,a1_0.email,a1_0.first_name,a1_0.last_name,a1_0.password_digest,a1_0.updated_at,t1_1.created_at,t1_1.description,t1_1.index,t1_1.name,t1_1.task_status_id,t2_0.id,t2_0.created_at,t2_0.name,t2_0.slug from users_tasks t1_0 join tasks t1_1 on t1_1.id=t1_0.tasks_id left join users a1_0 on a1_0.id=t1_1.assignee_id left join statuses t2_0 on t2_0.id=t1_1.task_status_id where t1_0.user_id=?
Hibernate: select u1_0.id,u1_0.created_at,u1_0.email,u1_0.first_name,u1_0.last_name,u1_0.password_digest,u1_0.updated_at from users u1_0 where u1_0.email=?
Hibernate: select t1_0.user_id,t1_1.id,a1_0.id,a1_0.created_at,a1_0.email,a1_0.first_name,a1_0.last_name,a1_0.password_digest,a1_0.updated_at,t1_1.created_at,t1_1.description,t1_1.index,t1_1.name,t1_1.task_status_id,t2_0.id,t2_0.created_at,t2_0.name,t2_0.slug from users_tasks t1_0 join tasks t1_1 on t1_1.id=t1_0.tasks_id left join users a1_0 on a1_0.id=t1_1.assignee_id left join statuses t2_0 on t2_0.id=t1_1.task_status_id where t1_0.user_id=?
Hibernate: select t1_0.label_id,t1_1.id,a1_0.id,a1_0.created_at,a1_0.email,a1_0.first_name,a1_0.last_name,a1_0.password_digest,a1_0.updated_at,t2_0.user_id,t2_1.id,t2_1.created_at,t2_1.description,t2_1.index,t2_1.name,t2_1.task_status_id,t3_0.id,t3_0.created_at,t3_0.name,t3_0.slug,t1_1.created_at,t1_1.description,t1_1.index,t1_1.name,t1_1.task_status_id,t4_0.id,t4_0.created_at,t4_0.name,t4_0.slug from labels_tasks t1_0 join tasks t1_1 on t1_1.id=t1_0.tasks_id left join users a1_0 on a1_0.id=t1_1.assignee_id left join (users_tasks t2_0 join tasks t2_1 on t2_1.id=t2_0.tasks_id) on a1_0.id=t2_0.user_id left join statuses t3_0 on t3_0.id=t2_1.task_status_id left join statuses t4_0 on t4_0.id=t1_1.task_status_id where t1_0.label_id=?
Hibernate: insert into tasks (assignee_id,created_at,description,index,name,task_status_id,id) values (?,?,?,?,?,?,default)
Hibernate: select t1_0.label_id,t1_1.id,a1_0.id,a1_0.created_at,a1_0.email,a1_0.first_name,a1_0.last_name,a1_0.password_digest,a1_0.updated_at,t2_0.user_id,t2_1.id,t2_1.created_at,t2_1.description,t2_1.index,t2_1.name,t2_1.task_status_id,t3_0.id,t3_0.created_at,t3_0.name,t3_0.slug,t1_1.created_at,t1_1.description,t1_1.index,t1_1.name,t1_1.task_status_id,t4_0.id,t4_0.created_at,t4_0.name,t4_0.slug from labels_tasks t1_0 join tasks t1_1 on t1_1.id=t1_0.tasks_id left join users a1_0 on a1_0.id=t1_1.assignee_id left join (users_tasks t2_0 join tasks t2_1 on t2_1.id=t2_0.tasks_id) on a1_0.id=t2_0.user_id left join statuses t3_0 on t3_0.id=t2_1.task_status_id left join statuses t4_0 on t4_0.id=t1_1.task_status_id where t1_0.label_id=?
Hibernate: insert into tasks (assignee_id,created_at,description,index,name,task_status_id,id) values (?,?,?,?,?,?,default)
Hibernate: insert into tasks (assignee_id,created_at,description,index,name,task_status_id,id) values (?,?,?,?,?,?,default)
Hibernate: insert into tasks_labels (task_id,labels_id) values (?,?)
Hibernate: insert into tasks_labels (task_id,labels_id) values (?,?)
Hibernate: insert into tasks_labels (task_id,labels_id) values (?,?)
Hibernate: select t1_0.id,t1_0.assignee_id,t1_0.created_at,t1_0.description,t1_0.index,t1_0.name,t1_0.task_status_id from tasks t1_0 join tasks_labels l1_0 on t1_0.id=l1_0.task_id where 1=1 and 1=1 and 1=1 and l1_0.labels_id=? offset ? rows fetch first ? rows only
Hibernate: select t1_0.id,t1_0.assignee_id,t1_0.created_at,t1_0.description,t1_0.index,t1_0.name,t1_0.task_status_id from tasks t1_0
Hibernate: select t1_0.id,t1_0.assignee_id,t1_0.created_at,t1_0.description,t1_0.index,t1_0.name,t1_0.task_status_id from tasks t1_0 join tasks_labels l1_0 on t1_0.id=l1_0.task_id where 1=1 and 1=1 and 1=1 and l1_0.labels_id=? offset ? rows fetch first ? rows only
Hibernate: select t1_0.id,t1_0.assignee_id,t1_0.created_at,t1_0.description,t1_0.index,t1_0.name,t1_0.task_status_id from tasks t1_0
Hibernate: select t1_0.id,t1_0.assignee_id,t1_0.created_at,t1_0.description,t1_0.index,t1_0.name,t1_0.task_status_id from tasks t1_0 join tasks_labels l1_0 on t1_0.id=l1_0.task_id where 1=1 and 1=1 and 1=1 and l1_0.labels_id=? offset ? rows fetch first ? rows only
Hibernate: select t1_0.id,t1_0.assignee_id,t1_0.created_at,t1_0.description,t1_0.index,t1_0.name,t1_0.task_status_id from tasks t1_0
Hibernate: select l1_0.id,l1_0.created_at,l1_0.name from labels l1_0 where l1_0.name=?
Hibernate: select l1_0.id,l1_0.created_at,l1_0.name from labels l1_0 where l1_0.name=?
Hibernate: select t1_0.id,t1_0.created_at,t1_0.name,t1_0.slug from statuses t1_0 where t1_0.slug=?
Hibernate: select t1_0.task_status_id,t1_1.id,a1_0.id,a1_0.created_at,a1_0.email,a1_0.first_name,a1_0.last_name,a1_0.password_digest,a1_0.updated_at,t1_1.created_at,t1_1.description,t1_1.index,t1_1.name,t1_1.task_status_id,t2_0.id,t2_0.created_at,t2_0.name,t2_0.slug from statuses_tasks t1_0 join tasks t1_1 on t1_1.id=t1_0.tasks_id left join users a1_0 on a1_0.id=t1_1.assignee_id left join statuses t2_0 on t2_0.id=t1_1.task_status_id where t1_0.task_status_id=?
Hibernate: select t1_0.id,t1_0.created_at,t1_0.name,t1_0.slug from statuses t1_0 where t1_0.slug=?
Hibernate: select t1_0.task_status_id,t1_1.id,a1_0.id,a1_0.created_at,a1_0.email,a1_0.first_name,a1_0.last_name,a1_0.password_digest,a1_0.updated_at,t1_1.created_at,t1_1.description,t1_1.index,t1_1.name,t1_1.task_status_id,t2_0.id,t2_0.created_at,t2_0.name,t2_0.slug from statuses_tasks t1_0 join tasks t1_1 on t1_1.id=t1_0.tasks_id left join users a1_0 on a1_0.id=t1_1.assignee_id left join statuses t2_0 on t2_0.id=t1_1.task_status_id where t1_0.task_status_id=?
Hibernate: select u1_0.id,u1_0.created_at,u1_0.email,u1_0.first_name,u1_0.last_name,u1_0.password_digest,u1_0.updated_at from users u1_0 where u1_0.email=?
Hibernate: select t1_0.user_id,t1_1.id,a1_0.id,a1_0.created_at,a1_0.email,a1_0.first_name,a1_0.last_name,a1_0.password_digest,a1_0.updated_at,t1_1.created_at,t1_1.description,t1_1.index,t1_1.name,t1_1.task_status_id,t2_0.id,t2_0.created_at,t2_0.name,t2_0.slug from users_tasks t1_0 join tasks t1_1 on t1_1.id=t1_0.tasks_id left join users a1_0 on a1_0.id=t1_1.assignee_id left join statuses t2_0 on t2_0.id=t1_1.task_status_id where t1_0.user_id=?
Hibernate: select u1_0.id,u1_0.created_at,u1_0.email,u1_0.first_name,u1_0.last_name,u1_0.password_digest,u1_0.updated_at from users u1_0 where u1_0.email=?
Hibernate: select t1_0.user_id,t1_1.id,a1_0.id,a1_0.created_at,a1_0.email,a1_0.first_name,a1_0.last_name,a1_0.password_digest,a1_0.updated_at,t1_1.created_at,t1_1.description,t1_1.index,t1_1.name,t1_1.task_status_id,t2_0.id,t2_0.created_at,t2_0.name,t2_0.slug from users_tasks t1_0 join tasks t1_1 on t1_1.id=t1_0.tasks_id left join users a1_0 on a1_0.id=t1_1.assignee_id left join statuses t2_0 on t2_0.id=t1_1.task_status_id where t1_0.user_id=?
Hibernate: select t1_0.label_id,t1_1.id,a1_0.id,a1_0.created_at,a1_0.email,a1_0.first_name,a1_0.last_name,a1_0.password_digest,a1_0.updated_at,t2_0.user_id,t2_1.id,t2_1.created_at,t2_1.description,t2_1.index,t2_1.name,t2_1.task_status_id,t3_0.id,t3_0.created_at,t3_0.name,t3_0.slug,t1_1.created_at,t1_1.description,t1_1.index,t1_1.name,t1_1.task_status_id,t4_0.id,t4_0.created_at,t4_0.name,t4_0.slug from labels_tasks t1_0 join tasks t1_1 on t1_1.id=t1_0.tasks_id left join users a1_0 on a1_0.id=t1_1.assignee_id left join (users_tasks t2_0 join tasks t2_1 on t2_1.id=t2_0.tasks_id) on a1_0.id=t2_0.user_id left join statuses t3_0 on t3_0.id=t2_1.task_status_id left join statuses t4_0 on t4_0.id=t1_1.task_status_id where t1_0.label_id=?
Hibernate: insert into tasks (assignee_id,created_at,description,index,name,task_status_id,id) values (?,?,?,?,?,?,default)
Hibernate: select t1_0.label_id,t1_1.id,a1_0.id,a1_0.created_at,a1_0.email,a1_0.first_name,a1_0.last_name,a1_0.password_digest,a1_0.updated_at,t2_0.user_id,t2_1.id,t2_1.created_at,t2_1.description,t2_1.index,t2_1.name,t2_1.task_status_id,t3_0.id,t3_0.created_at,t3_0.name,t3_0.slug,t1_1.created_at,t1_1.description,t1_1.index,t1_1.name,t1_1.task_status_id,t4_0.id,t4_0.created_at,t4_0.name,t4_0.slug from labels_tasks t1_0 join tasks t1_1 on t1_1.id=t1_0.tasks_id left join users a1_0 on a1_0.id=t1_1.assignee_id left join (users_tasks t2_0 join tasks t2_1 on t2_1.id=t2_0.tasks_id) on a1_0.id=t2_0.user_id left join statuses t3_0 on t3_0.id=t2_1.task_status_id left join statuses t4_0 on t4_0.id=t1_1.task_status_id where t1_0.label_id=?
Hibernate: insert into tasks (assignee_id,created_at,description,index,name,task_status_id,id) values (?,?,?,?,?,?,default)
Hibernate: insert into tasks (assignee_id,created_at,description,index,name,task_status_id,id) values (?,?,?,?,?,?,default)
Hibernate: select t1_0.id,t1_0.assignee_id,t1_0.created_at,t1_0.description,t1_0.index,t1_0.name,t1_0.task_status_id from tasks t1_0 where 1=1 and 1=1 and 1=1 and 1=1 offset ? rows fetch first ? rows only
Hibernate: select t1_0.id,t1_0.assignee_id,t1_0.created_at,t1_0.description,t1_0.index,t1_0.name,t1_0.task_status_id from tasks t1_0
Hibernate: select l1_0.id,l1_0.created_at,l1_0.name from labels l1_0 where l1_0.name=?
Hibernate: select l1_0.id,l1_0.created_at,l1_0.name from labels l1_0 where l1_0.name=?
Hibernate: select t1_0.id,t1_0.created_at,t1_0.name,t1_0.slug from statuses t1_0 where t1_0.slug=?
Hibernate: select t1_0.task_status_id,t1_1.id,a1_0.id,a1_0.created_at,a1_0.email,a1_0.first_name,a1_0.last_name,a1_0.password_digest,a1_0.updated_at,t1_1.created_at,t1_1.description,t1_1.index,t1_1.name,t1_1.task_status_id,t2_0.id,t2_0.created_at,t2_0.name,t2_0.slug from statuses_tasks t1_0 join tasks t1_1 on t1_1.id=t1_0.tasks_id left join users a1_0 on a1_0.id=t1_1.assignee_id left join statuses t2_0 on t2_0.id=t1_1.task_status_id where t1_0.task_status_id=?
Hibernate: select t1_0.id,t1_0.created_at,t1_0.name,t1_0.slug from statuses t1_0 where t1_0.slug=?
Hibernate: select t1_0.task_status_id,t1_1.id,a1_0.id,a1_0.created_at,a1_0.email,a1_0.first_name,a1_0.last_name,a1_0.password_digest,a1_0.updated_at,t1_1.created_at,t1_1.description,t1_1.index,t1_1.name,t1_1.task_status_id,t2_0.id,t2_0.created_at,t2_0.name,t2_0.slug from statuses_tasks t1_0 join tasks t1_1 on t1_1.id=t1_0.tasks_id left join users a1_0 on a1_0.id=t1_1.assignee_id left join statuses t2_0 on t2_0.id=t1_1.task_status_id where t1_0.task_status_id=?
Hibernate: select u1_0.id,u1_0.created_at,u1_0.email,u1_0.first_name,u1_0.last_name,u1_0.password_digest,u1_0.updated_at from users u1_0 where u1_0.email=?
Hibernate: select t1_0.user_id,t1_1.id,a1_0.id,a1_0.created_at,a1_0.email,a1_0.first_name,a1_0.last_name,a1_0.password_digest,a1_0.updated_at,t1_1.created_at,t1_1.description,t1_1.index,t1_1.name,t1_1.task_status_id,t2_0.id,t2_0.created_at,t2_0.name,t2_0.slug from users_tasks t1_0 join tasks t1_1 on t1_1.id=t1_0.tasks_id left join users a1_0 on a1_0.id=t1_1.assignee_id left join statuses t2_0 on t2_0.id=t1_1.task_status_id where t1_0.user_id=?
Hibernate: select u1_0.id,u1_0.created_at,u1_0.email,u1_0.first_name,u1_0.last_name,u1_0.password_digest,u1_0.updated_at from users u1_0 where u1_0.email=?
Hibernate: select t1_0.user_id,t1_1.id,a1_0.id,a1_0.created_at,a1_0.email,a1_0.first_name,a1_0.last_name,a1_0.password_digest,a1_0.updated_at,t1_1.created_at,t1_1.description,t1_1.index,t1_1.name,t1_1.task_status_id,t2_0.id,t2_0.created_at,t2_0.name,t2_0.slug from users_tasks t1_0 join tasks t1_1 on t1_1.id=t1_0.tasks_id left join users a1_0 on a1_0.id=t1_1.assignee_id left join statuses t2_0 on t2_0.id=t1_1.task_status_id where t1_0.user_id=?
Hibernate: select t1_0.label_id,t1_1.id,a1_0.id,a1_0.created_at,a1_0.email,a1_0.first_name,a1_0.last_name,a1_0.password_digest,a1_0.updated_at,t2_0.user_id,t2_1.id,t2_1.created_at,t2_1.description,t2_1.index,t2_1.name,t2_1.task_status_id,t3_0.id,t3_0.created_at,t3_0.name,t3_0.slug,t1_1.created_at,t1_1.description,t1_1.index,t1_1.name,t1_1.task_status_id,t4_0.id,t4_0.created_at,t4_0.name,t4_0.slug from labels_tasks t1_0 join tasks t1_1 on t1_1.id=t1_0.tasks_id left join users a1_0 on a1_0.id=t1_1.assignee_id left join (users_tasks t2_0 join tasks t2_1 on t2_1.id=t2_0.tasks_id) on a1_0.id=t2_0.user_id left join statuses t3_0 on t3_0.id=t2_1.task_status_id left join statuses t4_0 on t4_0.id=t1_1.task_status_id where t1_0.label_id=?
Hibernate: insert into tasks (assignee_id,created_at,description,index,name,task_status_id,id) values (?,?,?,?,?,?,default)
Hibernate: select t1_0.label_id,t1_1.id,a1_0.id,a1_0.created_at,a1_0.email,a1_0.first_name,a1_0.last_name,a1_0.password_digest,a1_0.updated_at,t2_0.user_id,t2_1.id,t2_1.created_at,t2_1.description,t2_1.index,t2_1.name,t2_1.task_status_id,t3_0.id,t3_0.created_at,t3_0.name,t3_0.slug,t1_1.created_at,t1_1.description,t1_1.index,t1_1.name,t1_1.task_status_id,t4_0.id,t4_0.created_at,t4_0.name,t4_0.slug from labels_tasks t1_0 join tasks t1_1 on t1_1.id=t1_0.tasks_id left join users a1_0 on a1_0.id=t1_1.assignee_id left join (users_tasks t2_0 join tasks t2_1 on t2_1.id=t2_0.tasks_id) on a1_0.id=t2_0.user_id left join statuses t3_0 on t3_0.id=t2_1.task_status_id left join statuses t4_0 on t4_0.id=t1_1.task_status_id where t1_0.label_id=?
Hibernate: insert into tasks (assignee_id,created_at,description,index,name,task_status_id,id) values (?,?,?,?,?,?,default)
Hibernate: insert into tasks (assignee_id,created_at,description,index,name,task_status_id,id) values (?,?,?,?,?,?,default)
Hibernate: select t1_0.id,t1_0.assignee_id,t1_0.created_at,t1_0.description,t1_0.index,t1_0.name,t1_0.task_status_id from tasks t1_0 join statuses t2_0 on t2_0.id=t1_0.task_status_id where 1=1 and t2_0.slug=? and 1=1 and 1=1 offset ? rows fetch first ? rows only
Hibernate: select t1_0.id,t1_0.assignee_id,t1_0.created_at,t1_0.description,t1_0.index,t1_0.name,t1_0.task_status_id from tasks t1_0
Hibernate: select t1_0.id,t1_0.assignee_id,t1_0.created_at,t1_0.description,t1_0.index,t1_0.name,t1_0.task_status_id from tasks t1_0 join statuses t2_0 on t2_0.id=t1_0.task_status_id where 1=1 and t2_0.slug=? and 1=1 and 1=1 offset ? rows fetch first ? rows only
Hibernate: select t1_0.id,t1_0.assignee_id,t1_0.created_at,t1_0.description,t1_0.index,t1_0.name,t1_0.task_status_id from tasks t1_0
Hibernate: select t1_0.id,t1_0.assignee_id,t1_0.created_at,t1_0.description,t1_0.index,t1_0.name,t1_0.task_status_id from tasks t1_0 join statuses t2_0 on t2_0.id=t1_0.task_status_id where 1=1 and t2_0.slug=? and 1=1 and 1=1 offset ? rows fetch first ? rows only
Hibernate: select t1_0.id,t1_0.assignee_id,t1_0.created_at,t1_0.description,t1_0.index,t1_0.name,t1_0.task_status_id from tasks t1_0
Hibernate: select l1_0.id,l1_0.created_at,l1_0.name from labels l1_0 where l1_0.name=?
Hibernate: select l1_0.id,l1_0.created_at,l1_0.name from labels l1_0 where l1_0.name=?
Hibernate: select t1_0.id,t1_0.created_at,t1_0.name,t1_0.slug from statuses t1_0 where t1_0.slug=?
Hibernate: select t1_0.task_status_id,t1_1.id,a1_0.id,a1_0.created_at,a1_0.email,a1_0.first_name,a1_0.last_name,a1_0.password_digest,a1_0.updated_at,t1_1.created_at,t1_1.description,t1_1.index,t1_1.name,t1_1.task_status_id,t2_0.id,t2_0.created_at,t2_0.name,t2_0.slug from statuses_tasks t1_0 join tasks t1_1 on t1_1.id=t1_0.tasks_id left join users a1_0 on a1_0.id=t1_1.assignee_id left join statuses t2_0 on t2_0.id=t1_1.task_status_id where t1_0.task_status_id=?
Hibernate: select t1_0.id,t1_0.created_at,t1_0.name,t1_0.slug from statuses t1_0 where t1_0.slug=?
Hibernate: select t1_0.task_status_id,t1_1.id,a1_0.id,a1_0.created_at,a1_0.email,a1_0.first_name,a1_0.last_name,a1_0.password_digest,a1_0.updated_at,t1_1.created_at,t1_1.description,t1_1.index,t1_1.name,t1_1.task_status_id,t2_0.id,t2_0.created_at,t2_0.name,t2_0.slug from statuses_tasks t1_0 join tasks t1_1 on t1_1.id=t1_0.tasks_id left join users a1_0 on a1_0.id=t1_1.assignee_id left join statuses t2_0 on t2_0.id=t1_1.task_status_id where t1_0.task_status_id=?
Hibernate: select u1_0.id,u1_0.created_at,u1_0.email,u1_0.first_name,u1_0.last_name,u1_0.password_digest,u1_0.updated_at from users u1_0 where u1_0.email=?
Hibernate: select t1_0.user_id,t1_1.id,a1_0.id,a1_0.created_at,a1_0.email,a1_0.first_name,a1_0.last_name,a1_0.password_digest,a1_0.updated_at,t1_1.created_at,t1_1.description,t1_1.index,t1_1.name,t1_1.task_status_id,t2_0.id,t2_0.created_at,t2_0.name,t2_0.slug from users_tasks t1_0 join tasks t1_1 on t1_1.id=t1_0.tasks_id left join users a1_0 on a1_0.id=t1_1.assignee_id left join statuses t2_0 on t2_0.id=t1_1.task_status_id where t1_0.user_id=?
Hibernate: select u1_0.id,u1_0.created_at,u1_0.email,u1_0.first_name,u1_0.last_name,u1_0.password_digest,u1_0.updated_at from users u1_0 where u1_0.email=?
Hibernate: select t1_0.user_id,t1_1.id,a1_0.id,a1_0.created_at,a1_0.email,a1_0.first_name,a1_0.last_name,a1_0.password_digest,a1_0.updated_at,t1_1.created_at,t1_1.description,t1_1.index,t1_1.name,t1_1.task_status_id,t2_0.id,t2_0.created_at,t2_0.name,t2_0.slug from users_tasks t1_0 join tasks t1_1 on t1_1.id=t1_0.tasks_id left join users a1_0 on a1_0.id=t1_1.assignee_id left join statuses t2_0 on t2_0.id=t1_1.task_status_id where t1_0.user_id=?
Hibernate: select t1_0.label_id,t1_1.id,a1_0.id,a1_0.created_at,a1_0.email,a1_0.first_name,a1_0.last_name,a1_0.password_digest,a1_0.updated_at,t2_0.user_id,t2_1.id,t2_1.created_at,t2_1.description,t2_1.index,t2_1.name,t2_1.task_status_id,t3_0.id,t3_0.created_at,t3_0.name,t3_0.slug,t1_1.created_at,t1_1.description,t1_1.index,t1_1.name,t1_1.task_status_id,t4_0.id,t4_0.created_at,t4_0.name,t4_0.slug from labels_tasks t1_0 join tasks t1_1 on t1_1.id=t1_0.tasks_id left join users a1_0 on a1_0.id=t1_1.assignee_id left join (users_tasks t2_0 join tasks t2_1 on t2_1.id=t2_0.tasks_id) on a1_0.id=t2_0.user_id left join statuses t3_0 on t3_0.id=t2_1.task_status_id left join statuses t4_0 on t4_0.id=t1_1.task_status_id where t1_0.label_id=?
Hibernate: insert into tasks (assignee_id,created_at,description,index,name,task_status_id,id) values (?,?,?,?,?,?,default)
Hibernate: select t1_0.label_id,t1_1.id,a1_0.id,a1_0.created_at,a1_0.email,a1_0.first_name,a1_0.last_name,a1_0.password_digest,a1_0.updated_at,t2_0.user_id,t2_1.id,t2_1.created_at,t2_1.description,t2_1.index,t2_1.name,t2_1.task_status_id,t3_0.id,t3_0.created_at,t3_0.name,t3_0.slug,t1_1.created_at,t1_1.description,t1_1.index,t1_1.name,t1_1.task_status_id,t4_0.id,t4_0.created_at,t4_0.name,t4_0.slug from labels_tasks t1_0 join tasks t1_1 on t1_1.id=t1_0.tasks_id left join users a1_0 on a1_0.id=t1_1.assignee_id left join (users_tasks t2_0 join tasks t2_1 on t2_1.id=t2_0.tasks_id) on a1_0.id=t2_0.user_id left join statuses t3_0 on t3_0.id=t2_1.task_status_id left join statuses t4_0 on t4_0.id=t1_1.task_status_id where t1_0.label_id=?
Hibernate: insert into tasks (assignee_id,created_at,description,index,name,task_status_id,id) values (?,?,?,?,?,?,default)
Hibernate: insert into tasks (assignee_id,created_at,description,index,name,task_status_id,id) values (?,?,?,?,?,?,default)
Hibernate: select t1_0.id,t1_0.assignee_id,t1_0.created_at,t1_0.description,t1_0.index,t1_0.name,t1_0.task_status_id from tasks t1_0 where t1_0.name like ? escape '' and 1=1 and 1=1 and 1=1 offset ? rows fetch first ? rows only
Hibernate: select t1_0.id,t1_0.assignee_id,t1_0.created_at,t1_0.description,t1_0.index,t1_0.name,t1_0.task_status_id from tasks t1_0
Hibernate: select t1_0.id,t1_0.assignee_id,t1_0.created_at,t1_0.description,t1_0.index,t1_0.name,t1_0.task_status_id from tasks t1_0 where t1_0.name like ? escape '' and 1=1 and 1=1 and 1=1 offset ? rows fetch first ? rows only
Hibernate: select t1_0.id,t1_0.assignee_id,t1_0.created_at,t1_0.description,t1_0.index,t1_0.name,t1_0.task_status_id from tasks t1_0
Hibernate: select l1_0.id,l1_0.created_at,l1_0.name from labels l1_0 where l1_0.name=?
Hibernate: select l1_0.id,l1_0.created_at,l1_0.name from labels l1_0 where l1_0.name=?
Hibernate: select t1_0.id,t1_0.created_at,t1_0.name,t1_0.slug from statuses t1_0 where t1_0.slug=?
Hibernate: select t1_0.task_status_id,t1_1.id,a1_0.id,a1_0.created_at,a1_0.email,a1_0.first_name,a1_0.last_name,a1_0.password_digest,a1_0.updated_at,t1_1.created_at,t1_1.description,t1_1.index,t1_1.name,t1_1.task_status_id,t2_0.id,t2_0.created_at,t2_0.name,t2_0.slug from statuses_tasks t1_0 join tasks t1_1 on t1_1.id=t1_0.tasks_id left join users a1_0 on a1_0.id=t1_1.assignee_id left join statuses t2_0 on t2_0.id=t1_1.task_status_id where t1_0.task_status_id=?
Hibernate: select t1_0.id,t1_0.created_at,t1_0.name,t1_0.slug from statuses t1_0 where t1_0.slug=?
Hibernate: select t1_0.task_status_id,t1_1.id,a1_0.id,a1_0.created_at,a1_0.email,a1_0.first_name,a1_0.last_name,a1_0.password_digest,a1_0.updated_at,t1_1.created_at,t1_1.description,t1_1.index,t1_1.name,t1_1.task_status_id,t2_0.id,t2_0.created_at,t2_0.name,t2_0.slug from statuses_tasks t1_0 join tasks t1_1 on t1_1.id=t1_0.tasks_id left join users a1_0 on a1_0.id=t1_1.assignee_id left join statuses t2_0 on t2_0.id=t1_1.task_status_id where t1_0.task_status_id=?
Hibernate: select u1_0.id,u1_0.created_at,u1_0.email,u1_0.first_name,u1_0.last_name,u1_0.password_digest,u1_0.updated_at from users u1_0 where u1_0.email=?
Hibernate: select t1_0.user_id,t1_1.id,a1_0.id,a1_0.created_at,a1_0.email,a1_0.first_name,a1_0.last_name,a1_0.password_digest,a1_0.updated_at,t1_1.created_at,t1_1.description,t1_1.index,t1_1.name,t1_1.task_status_id,t2_0.id,t2_0.created_at,t2_0.name,t2_0.slug from users_tasks t1_0 join tasks t1_1 on t1_1.id=t1_0.tasks_id left join users a1_0 on a1_0.id=t1_1.assignee_id left join statuses t2_0 on t2_0.id=t1_1.task_status_id where t1_0.user_id=?
Hibernate: select u1_0.id,u1_0.created_at,u1_0.email,u1_0.first_name,u1_0.last_name,u1_0.password_digest,u1_0.updated_at from users u1_0 where u1_0.email=?
Hibernate: select t1_0.user_id,t1_1.id,a1_0.id,a1_0.created_at,a1_0.email,a1_0.first_name,a1_0.last_name,a1_0.password_digest,a1_0.updated_at,t1_1.created_at,t1_1.description,t1_1.index,t1_1.name,t1_1.task_status_id,t2_0.id,t2_0.created_at,t2_0.name,t2_0.slug from users_tasks t1_0 join tasks t1_1 on t1_1.id=t1_0.tasks_id left join users a1_0 on a1_0.id=t1_1.assignee_id left join statuses t2_0 on t2_0.id=t1_1.task_status_id where t1_0.user_id=?
Hibernate: select t1_0.label_id,t1_1.id,a1_0.id,a1_0.created_at,a1_0.email,a1_0.first_name,a1_0.last_name,a1_0.password_digest,a1_0.updated_at,t2_0.user_id,t2_1.id,t2_1.created_at,t2_1.description,t2_1.index,t2_1.name,t2_1.task_status_id,t3_0.id,t3_0.created_at,t3_0.name,t3_0.slug,t1_1.created_at,t1_1.description,t1_1.index,t1_1.name,t1_1.task_status_id,t4_0.id,t4_0.created_at,t4_0.name,t4_0.slug from labels_tasks t1_0 join tasks t1_1 on t1_1.id=t1_0.tasks_id left join users a1_0 on a1_0.id=t1_1.assignee_id left join (users_tasks t2_0 join tasks t2_1 on t2_1.id=t2_0.tasks_id) on a1_0.id=t2_0.user_id left join statuses t3_0 on t3_0.id=t2_1.task_status_id left join statuses t4_0 on t4_0.id=t1_1.task_status_id where t1_0.label_id=?
Hibernate: insert into tasks (assignee_id,created_at,description,index,name,task_status_id,id) values (?,?,?,?,?,?,default)
Hibernate: select t1_0.label_id,t1_1.id,a1_0.id,a1_0.created_at,a1_0.email,a1_0.first_name,a1_0.last_name,a1_0.password_digest,a1_0.updated_at,t2_0.user_id,t2_1.id,t2_1.created_at,t2_1.description,t2_1.index,t2_1.name,t2_1.task_status_id,t3_0.id,t3_0.created_at,t3_0.name,t3_0.slug,t1_1.created_at,t1_1.description,t1_1.index,t1_1.name,t1_1.task_status_id,t4_0.id,t4_0.created_at,t4_0.name,t4_0.slug from labels_tasks t1_0 join tasks t1_1 on t1_1.id=t1_0.tasks_id left join users a1_0 on a1_0.id=t1_1.assignee_id left join (users_tasks t2_0 join tasks t2_1 on t2_1.id=t2_0.tasks_id) on a1_0.id=t2_0.user_id left join statuses t3_0 on t3_0.id=t2_1.task_status_id left join statuses t4_0 on t4_0.id=t1_1.task_status_id where t1_0.label_id=?
Hibernate: insert into tasks (assignee_id,created_at,description,index,name,task_status_id,id) values (?,?,?,?,?,?,default)
Hibernate: insert into tasks (assignee_id,created_at,description,index,name,task_status_id,id) values (?,?,?,?,?,?,default)
Hibernate: select t1_0.id,t1_0.assignee_id,t1_0.created_at,t1_0.description,t1_0.index,t1_0.name,t1_0.task_status_id from tasks t1_0 where t1_0.name like ? escape '' and 1=1 and 1=1 and 1=1 offset ? rows fetch first ? rows only
Hibernate: select t1_0.id,t1_0.assignee_id,t1_0.created_at,t1_0.description,t1_0.index,t1_0.name,t1_0.task_status_id from tasks t1_0
Hibernate: select t1_0.id,t1_0.assignee_id,t1_0.created_at,t1_0.description,t1_0.index,t1_0.name,t1_0.task_status_id from tasks t1_0 join users a1_0 on a1_0.id=t1_0.assignee_id where t1_0.name like ? escape '' and 1=1 and t1_0.assignee_id=? and 1=1 offset ? rows fetch first ? rows only
Hibernate: select t1_0.id,t1_0.assignee_id,t1_0.created_at,t1_0.description,t1_0.index,t1_0.name,t1_0.task_status_id from tasks t1_0
Hibernate: select t1_0.id,t1_0.assignee_id,t1_0.created_at,t1_0.description,t1_0.index,t1_0.name,t1_0.task_status_id from tasks t1_0 join statuses t2_0 on t2_0.id=t1_0.task_status_id join users a1_0 on a1_0.id=t1_0.assignee_id where t1_0.name like ? escape '' and t2_0.slug=? and t1_0.assignee_id=? and 1=1 offset ? rows fetch first ? rows only
Hibernate: select t1_0.id,t1_0.assignee_id,t1_0.created_at,t1_0.description,t1_0.index,t1_0.name,t1_0.task_status_id from tasks t1_0
Hibernate: insert into tasks_labels (task_id,labels_id) values (?,?)
Hibernate: insert into tasks_labels (task_id,labels_id) values (?,?)
Hibernate: insert into tasks_labels (task_id,labels_id) values (?,?)
Hibernate: select t1_0.id,t1_0.assignee_id,t1_0.created_at,t1_0.description,t1_0.index,t1_0.name,t1_0.task_status_id from tasks t1_0 join statuses t2_0 on t2_0.id=t1_0.task_status_id join users a1_0 on a1_0.id=t1_0.assignee_id join tasks_labels l1_0 on t1_0.id=l1_0.task_id where t1_0.name like ? escape '' and t2_0.slug=? and t1_0.assignee_id=? and l1_0.labels_id=? offset ? rows fetch first ? rows only
Hibernate: select t1_0.id,t1_0.assignee_id,t1_0.created_at,t1_0.description,t1_0.index,t1_0.name,t1_0.task_status_id from tasks t1_0
]]></system-out>
  <system-err><![CDATA[]]></system-err>
</testsuite>
