<?xml version="1.0" encoding="UTF-8"?>
<testsuite name="hexlet.code.controllers.UsersControllerTest" tests="7" skipped="0" failures="0" errors="0" timestamp="2024-08-28T08:19:59" hostname="rashid-Z690-AORUS-ELITE-AX" time="0.164">
  <properties/>
  <testcase name="testIndex()" classname="hexlet.code.controllers.UsersControllerTest" time="0.018"/>
  <testcase name="testShow()" classname="hexlet.code.controllers.UsersControllerTest" time="0.01"/>
  <testcase name="testUpdateAnotherUser()" classname="hexlet.code.controllers.UsersControllerTest" time="0.024"/>
  <testcase name="testCreate()" classname="hexlet.code.controllers.UsersControllerTest" time="0.075"/>
  <testcase name="testDelete()" classname="hexlet.code.controllers.UsersControllerTest" time="0.012"/>
  <testcase name="testUpdate()" classname="hexlet.code.controllers.UsersControllerTest" time="0.012"/>
  <testcase name="testDeleteAnotherUser()" classname="hexlet.code.controllers.UsersControllerTest" time="0.009"/>
  <system-out><![CDATA[Hibernate: insert into users (created_at,email,first_name,last_name,password_digest,updated_at,id) values (?,?,?,?,?,?,default)
Hibernate: insert into users (created_at,email,first_name,last_name,password_digest,updated_at,id) values (?,?,?,?,?,?,default)
Hibernate: select u1_0.id,u1_0.created_at,u1_0.email,u1_0.first_name,u1_0.last_name,u1_0.password_digest,u1_0.updated_at from users u1_0 order by u1_0.id offset ? rows fetch first ? rows only
Hibernate: select t1_0.user_id,t1_1.id,a1_0.id,a1_0.created_at,a1_0.email,a1_0.first_name,a1_0.last_name,a1_0.password_digest,a1_0.updated_at,t1_1.created_at,t1_1.description,t1_1.index,t1_1.name,t1_1.task_status_id,t2_0.id,t2_0.created_at,t2_0.name,t2_0.slug from users_tasks t1_0 join tasks t1_1 on t1_1.id=t1_0.tasks_id left join users a1_0 on a1_0.id=t1_1.assignee_id left join statuses t2_0 on t2_0.id=t1_1.task_status_id where t1_0.user_id=?
Hibernate: select t1_0.user_id,t1_1.id,a1_0.id,a1_0.created_at,a1_0.email,a1_0.first_name,a1_0.last_name,a1_0.password_digest,a1_0.updated_at,t1_1.created_at,t1_1.description,t1_1.index,t1_1.name,t1_1.task_status_id,t2_0.id,t2_0.created_at,t2_0.name,t2_0.slug from users_tasks t1_0 join tasks t1_1 on t1_1.id=t1_0.tasks_id left join users a1_0 on a1_0.id=t1_1.assignee_id left join statuses t2_0 on t2_0.id=t1_1.task_status_id where t1_0.user_id=?
Hibernate: insert into users (created_at,email,first_name,last_name,password_digest,updated_at,id) values (?,?,?,?,?,?,default)
Hibernate: insert into users (created_at,email,first_name,last_name,password_digest,updated_at,id) values (?,?,?,?,?,?,default)
Hibernate: insert into users (created_at,email,first_name,last_name,password_digest,updated_at,id) values (?,?,?,?,?,?,default)
Hibernate: insert into users (created_at,email,first_name,last_name,password_digest,updated_at,id) values (?,?,?,?,?,?,default)
Hibernate: insert into users (created_at,email,first_name,last_name,password_digest,updated_at,id) values (?,?,?,?,?,?,default)
Hibernate: insert into users (created_at,email,first_name,last_name,password_digest,updated_at,id) values (?,?,?,?,?,?,default)
Hibernate: insert into users (created_at,email,first_name,last_name,password_digest,updated_at,id) values (?,?,?,?,?,?,default)
Hibernate: select u1_0.id,u1_0.created_at,u1_0.email,u1_0.first_name,u1_0.last_name,u1_0.password_digest,u1_0.updated_at from users u1_0 where u1_0.email=?
Hibernate: insert into users (created_at,email,first_name,last_name,password_digest,updated_at,id) values (?,?,?,?,?,?,default)
Hibernate: insert into users (created_at,email,first_name,last_name,password_digest,updated_at,id) values (?,?,?,?,?,?,default)
Hibernate: delete from users where id=?
Hibernate: select u1_0.id,u1_0.created_at,u1_0.email,u1_0.first_name,u1_0.last_name,u1_0.password_digest,u1_0.updated_at from users u1_0 where u1_0.email=?
Hibernate: insert into users (created_at,email,first_name,last_name,password_digest,updated_at,id) values (?,?,?,?,?,?,default)
Hibernate: insert into users (created_at,email,first_name,last_name,password_digest,updated_at,id) values (?,?,?,?,?,?,default)
Hibernate: update users set created_at=?,email=?,first_name=?,last_name=?,password_digest=?,updated_at=? where id=?
Hibernate: select u1_0.id,u1_0.created_at,u1_0.email,u1_0.first_name,u1_0.last_name,u1_0.password_digest,u1_0.updated_at from users u1_0 where u1_0.email=?
Hibernate: insert into users (created_at,email,first_name,last_name,password_digest,updated_at,id) values (?,?,?,?,?,?,default)
Hibernate: insert into users (created_at,email,first_name,last_name,password_digest,updated_at,id) values (?,?,?,?,?,?,default)
]]></system-out>
  <system-err><![CDATA[]]></system-err>
</testsuite>
